2025-08-21 00:31:01 WARN  TestNGContentHandler:133 - It is strongly recommended to add "<!DOCTYPE suite SYSTEM "https://testng.org/testng-1.0.dtd" >" at the top of the suite file [C:\Users\HP\eclipse-workspace\OpenCartv121\master.xml] otherwise TestNG may fail or not work as expected.
2025-08-21 00:32:35 WARN  TestNGContentHandler:133 - It is strongly recommended to add "<!DOCTYPE suite SYSTEM "https://testng.org/testng-1.0.dtd" >" at the top of the suite file [C:\Users\HP\eclipse-workspace\OpenCartv121\master.xml] otherwise TestNG may fail or not work as expected.
2025-08-21 00:32:36 INFO  Utils:112 - [TestNG] Running:
  C:\Users\HP\eclipse-workspace\OpenCartv121\master.xml

2025-08-21 00:32:49 INFO  TC001_AccountRegistrationTest:15 - ***** Starting TC001_AccountRegistrationTest  ****
2025-08-21 00:32:50 INFO  TC001_AccountRegistrationTest:21 - Clicked on MyAccount Link.. 
2025-08-21 00:32:50 INFO  TC001_AccountRegistrationTest:24 - Clicked on Register Link.. 
2025-08-21 00:32:50 INFO  TC001_AccountRegistrationTest:28 - Providing customer details...
2025-08-21 00:32:52 INFO  TC001_AccountRegistrationTest:42 - Validating expected message..
2025-08-21 00:32:52 INFO  TC001_AccountRegistrationTest:47 - Test passed
2025-08-21 00:32:52 INFO  TC001_AccountRegistrationTest:56 - ***** Finished TC001_AccountRegistrationTest *****
2025-08-21 00:32:54 INFO  TC002_LoginTest:16 - ****** Startign TC_002_LoginTest *****
2025-08-21 00:36:09 WARN  TestNGContentHandler:133 - It is strongly recommended to add "<!DOCTYPE suite SYSTEM "https://testng.org/testng-1.0.dtd" >" at the top of the suite file [C:\Users\HP\eclipse-workspace\OpenCartv121\master.xml] otherwise TestNG may fail or not work as expected.
2025-08-21 00:36:10 INFO  Utils:112 - [TestNG] Running:
  C:\Users\HP\eclipse-workspace\OpenCartv121\master.xml

2025-08-21 00:36:37 INFO  TC001_AccountRegistrationTest:15 - ***** Starting TC001_AccountRegistrationTest  ****
2025-08-21 00:36:37 INFO  TC001_AccountRegistrationTest:21 - Clicked on MyAccount Link.. 
2025-08-21 00:36:38 INFO  TC001_AccountRegistrationTest:24 - Clicked on Register Link.. 
2025-08-21 00:36:38 INFO  TC001_AccountRegistrationTest:28 - Providing customer details...
2025-08-21 00:36:40 INFO  TC001_AccountRegistrationTest:42 - Validating expected message..
2025-08-21 00:36:40 INFO  TC001_AccountRegistrationTest:47 - Test passed
2025-08-21 00:36:40 INFO  TC001_AccountRegistrationTest:56 - ***** Finished TC001_AccountRegistrationTest *****
2025-08-21 00:38:58 INFO  TC002_LoginTest:16 - ****** Startign TC_002_LoginTest *****
2025-08-21 00:43:36 WARN  TestNGContentHandler:133 - It is strongly recommended to add "<!DOCTYPE suite SYSTEM "https://testng.org/testng-1.0.dtd" >" at the top of the suite file [C:\Users\HP\eclipse-workspace\OpenCartv121\master.xml] otherwise TestNG may fail or not work as expected.
2025-08-21 00:43:36 INFO  Utils:112 - [TestNG] Running:
  C:\Users\HP\eclipse-workspace\OpenCartv121\master.xml

2025-08-21 00:43:58 INFO  TC001_AccountRegistrationTest:15 - ***** Starting TC001_AccountRegistrationTest  ****
2025-08-21 00:43:58 INFO  TC001_AccountRegistrationTest:21 - Clicked on MyAccount Link.. 
2025-08-21 00:43:59 INFO  TC001_AccountRegistrationTest:24 - Clicked on Register Link.. 
2025-08-21 00:43:59 INFO  TC001_AccountRegistrationTest:28 - Providing customer details...
2025-08-21 00:44:00 INFO  TC001_AccountRegistrationTest:42 - Validating expected message..
2025-08-21 00:44:00 INFO  TC001_AccountRegistrationTest:47 - Test passed
2025-08-21 00:44:00 INFO  TC001_AccountRegistrationTest:56 - ***** Finished TC001_AccountRegistrationTest *****
2025-08-21 00:44:21 INFO  TC002_LoginTest:16 - ****** Startign TC_002_LoginTest *****
2025-08-21 00:51:08 WARN  TestNGContentHandler:133 - It is strongly recommended to add "<!DOCTYPE suite SYSTEM "https://testng.org/testng-1.1.dtd" >" at the top of the suite file [C:\Users\HP\eclipse-workspace\OpenCartv121\master.xml] otherwise TestNG may fail or not work as expected.
2025-08-21 00:51:22 INFO  TC001_AccountRegistrationTest:15 - ***** Starting TC001_AccountRegistrationTest  ****
2025-08-21 00:51:22 INFO  TC001_AccountRegistrationTest:21 - Clicked on MyAccount Link.. 
2025-08-21 00:51:22 INFO  TC001_AccountRegistrationTest:24 - Clicked on Register Link.. 
2025-08-21 00:51:22 INFO  TC001_AccountRegistrationTest:28 - Providing customer details...
2025-08-21 00:51:24 INFO  TC001_AccountRegistrationTest:42 - Validating expected message..
2025-08-21 00:51:24 INFO  TC001_AccountRegistrationTest:47 - Test passed
2025-08-21 00:51:24 INFO  TC001_AccountRegistrationTest:56 - ***** Finished TC001_AccountRegistrationTest *****
2025-08-21 00:51:35 INFO  TC002_LoginTest:16 - ****** Startign TC_002_LoginTest *****
2025-08-21 00:54:34 WARN  TestNGContentHandler:133 - It is strongly recommended to add "<!DOCTYPE suite SYSTEM "https://testng.org/testng-1.1.dtd" >" at the top of the suite file [C:\Users\HP\eclipse-workspace\OpenCartv121\grouping.xml] otherwise TestNG may fail or not work as expected.
2025-08-21 00:54:34 INFO  Utils:112 - [TestNG] Running:
  C:\Users\HP\eclipse-workspace\OpenCartv121\grouping.xml

2025-08-21 00:55:17 INFO  TC001_AccountRegistrationTest:15 - ***** Starting TC001_AccountRegistrationTest  ****
2025-08-21 00:55:17 INFO  TC001_AccountRegistrationTest:21 - Clicked on MyAccount Link.. 
2025-08-21 00:55:18 INFO  TC001_AccountRegistrationTest:24 - Clicked on Register Link.. 
2025-08-21 00:55:18 INFO  TC001_AccountRegistrationTest:28 - Providing customer details...
2025-08-21 00:55:20 INFO  TC001_AccountRegistrationTest:42 - Validating expected message..
2025-08-21 00:55:20 INFO  TC001_AccountRegistrationTest:47 - Test passed
2025-08-21 00:55:20 INFO  TC001_AccountRegistrationTest:56 - ***** Finished TC001_AccountRegistrationTest *****
2025-08-21 01:03:46 WARN  TestNGContentHandler:133 - It is strongly recommended to add "<!DOCTYPE suite SYSTEM "https://testng.org/testng-1.1.dtd" >" at the top of the suite file [C:\Users\HP\eclipse-workspace\OpenCartv121\master.xml] otherwise TestNG may fail or not work as expected.
2025-08-21 01:03:47 INFO  Utils:112 - [TestNG] Running:
  C:\Users\HP\eclipse-workspace\OpenCartv121\master.xml

2025-08-21 01:04:22 WARN  TestNGContentHandler:133 - It is strongly recommended to add "<!DOCTYPE suite SYSTEM "https://testng.org/testng-1.1.dtd" >" at the top of the suite file [C:\Users\HP\eclipse-workspace\OpenCartv121\grouping.xml] otherwise TestNG may fail or not work as expected.
2025-08-21 01:04:22 INFO  Utils:112 - [TestNG] Running:
  C:\Users\HP\eclipse-workspace\OpenCartv121\grouping.xml

2025-08-21 01:15:48 WARN  TestNGContentHandler:133 - It is strongly recommended to add "<!DOCTYPE suite SYSTEM "https://testng.org/testng-1.1.dtd" >" at the top of the suite file [C:\Users\HP\eclipse-workspace\OpenCartv121\master.xml] otherwise TestNG may fail or not work as expected.
2025-08-21 01:15:49 INFO  Utils:112 - [TestNG] Running:
  C:\Users\HP\eclipse-workspace\OpenCartv121\master.xml

2025-08-21 01:15:52 INFO  TC001_AccountRegistrationTest:15 - ***** Starting TC001_AccountRegistrationTest  ****
2025-08-21 01:15:52 INFO  TC001_AccountRegistrationTest:21 - Clicked on MyAccount Link.. 
2025-08-21 01:15:53 INFO  TC001_AccountRegistrationTest:24 - Clicked on Register Link.. 
2025-08-21 01:15:53 INFO  TC001_AccountRegistrationTest:28 - Providing customer details...
2025-08-21 01:15:54 INFO  TC001_AccountRegistrationTest:42 - Validating expected message..
2025-08-21 01:15:55 INFO  TC001_AccountRegistrationTest:47 - Test passed
2025-08-21 01:15:55 INFO  TC001_AccountRegistrationTest:56 - ***** Finished TC001_AccountRegistrationTest *****
2025-08-21 01:15:57 INFO  TC002_LoginTest:16 - ****** Startign TC_002_LoginTest *****
2025-08-21 01:18:07 WARN  TestNGContentHandler:133 - It is strongly recommended to add "<!DOCTYPE suite SYSTEM "https://testng.org/testng-1.1.dtd" >" at the top of the suite file [C:\Users\HP\eclipse-workspace\OpenCartv121\master.xml] otherwise TestNG may fail or not work as expected.
2025-08-21 01:18:07 INFO  Utils:112 - [TestNG] Running:
  C:\Users\HP\eclipse-workspace\OpenCartv121\master.xml

2025-08-21 01:18:10 INFO  TC001_AccountRegistrationTest:15 - ***** Starting TC001_AccountRegistrationTest  ****
2025-08-21 01:18:11 INFO  TC001_AccountRegistrationTest:21 - Clicked on MyAccount Link.. 
2025-08-21 01:18:11 INFO  TC001_AccountRegistrationTest:24 - Clicked on Register Link.. 
2025-08-21 01:18:11 INFO  TC001_AccountRegistrationTest:28 - Providing customer details...
2025-08-21 01:18:13 INFO  TC001_AccountRegistrationTest:42 - Validating expected message..
2025-08-21 01:18:13 INFO  TC001_AccountRegistrationTest:47 - Test passed
2025-08-21 01:18:13 INFO  TC001_AccountRegistrationTest:56 - ***** Finished TC001_AccountRegistrationTest *****
2025-08-21 01:18:15 INFO  TC002_LoginTest:16 - ****** Startign TC_002_LoginTest *****
2025-08-21 01:18:17 INFO  TC002_LoginTest:41 - ****** Finished TC_002_LoginTest *****
2025-08-21 01:18:50 WARN  TestNGContentHandler:133 - It is strongly recommended to add "<!DOCTYPE suite SYSTEM "https://testng.org/testng-1.1.dtd" >" at the top of the suite file [C:\Users\HP\eclipse-workspace\OpenCartv121\master.xml] otherwise TestNG may fail or not work as expected.
2025-08-21 01:18:50 INFO  Utils:112 - [TestNG] Running:
  C:\Users\HP\eclipse-workspace\OpenCartv121\master.xml

2025-08-21 01:18:53 INFO  TC001_AccountRegistrationTest:15 - ***** Starting TC001_AccountRegistrationTest  ****
2025-08-21 01:18:54 INFO  TC001_AccountRegistrationTest:21 - Clicked on MyAccount Link.. 
2025-08-21 01:18:54 INFO  TC001_AccountRegistrationTest:24 - Clicked on Register Link.. 
2025-08-21 01:18:54 INFO  TC001_AccountRegistrationTest:28 - Providing customer details...
2025-08-21 01:18:56 INFO  TC001_AccountRegistrationTest:42 - Validating expected message..
2025-08-21 01:18:57 INFO  TC001_AccountRegistrationTest:47 - Test passed
2025-08-21 01:18:57 INFO  TC001_AccountRegistrationTest:56 - ***** Finished TC001_AccountRegistrationTest *****
2025-08-21 01:18:59 INFO  TC002_LoginTest:16 - ****** Startign TC_002_LoginTest *****
2025-08-21 01:19:01 INFO  TC002_LoginTest:41 - ****** Finished TC_002_LoginTest *****
2025-08-21 01:23:51 WARN  TestNGContentHandler:133 - It is strongly recommended to add "<!DOCTYPE suite SYSTEM "https://testng.org/testng-1.1.dtd" >" at the top of the suite file [C:\Users\HP\eclipse-workspace\OpenCartv121\master.xml] otherwise TestNG may fail or not work as expected.
2025-08-21 01:23:52 INFO  Utils:112 - [TestNG] Running:
  C:\Users\HP\eclipse-workspace\OpenCartv121\master.xml

2025-08-21 01:23:55 INFO  TC001_AccountRegistrationTest:15 - ***** Starting TC001_AccountRegistrationTest  ****
2025-08-21 01:23:55 INFO  TC001_AccountRegistrationTest:21 - Clicked on MyAccount Link.. 
2025-08-21 01:23:56 INFO  TC001_AccountRegistrationTest:24 - Clicked on Register Link.. 
2025-08-21 01:23:56 INFO  TC001_AccountRegistrationTest:28 - Providing customer details...
2025-08-21 01:23:58 INFO  TC001_AccountRegistrationTest:42 - Validating expected message..
2025-08-21 01:23:58 INFO  TC001_AccountRegistrationTest:47 - Test passed
2025-08-21 01:23:58 INFO  TC001_AccountRegistrationTest:56 - ***** Finished TC001_AccountRegistrationTest *****
2025-08-21 01:24:00 INFO  TC002_LoginTest:16 - ****** Startign TC_002_LoginTest *****
2025-08-21 01:24:03 INFO  TC002_LoginTest:41 - ****** Finished TC_002_LoginTest *****
2025-08-21 01:24:37 WARN  TestNGContentHandler:133 - It is strongly recommended to add "<!DOCTYPE suite SYSTEM "https://testng.org/testng-1.1.dtd" >" at the top of the suite file [C:\Users\HP\eclipse-workspace\OpenCartv121\master.xml] otherwise TestNG may fail or not work as expected.
2025-08-21 01:24:37 INFO  Utils:112 - [TestNG] Running:
  C:\Users\HP\eclipse-workspace\OpenCartv121\master.xml

2025-08-21 01:25:01 INFO  TC001_AccountRegistrationTest:15 - ***** Starting TC001_AccountRegistrationTest  ****
2025-08-21 01:25:01 INFO  TC001_AccountRegistrationTest:21 - Clicked on MyAccount Link.. 
2025-08-21 01:25:02 INFO  TC001_AccountRegistrationTest:24 - Clicked on Register Link.. 
2025-08-21 01:25:02 INFO  TC001_AccountRegistrationTest:28 - Providing customer details...
2025-08-21 01:25:08 INFO  TC001_AccountRegistrationTest:42 - Validating expected message..
2025-08-21 01:25:08 INFO  TC001_AccountRegistrationTest:47 - Test passed
2025-08-21 01:25:08 INFO  TC001_AccountRegistrationTest:56 - ***** Finished TC001_AccountRegistrationTest *****
2025-08-21 01:25:27 INFO  TC002_LoginTest:16 - ****** Startign TC_002_LoginTest *****
2025-08-21 01:25:29 INFO  TC002_LoginTest:41 - ****** Finished TC_002_LoginTest *****
2025-08-21 01:38:43 WARN  TestNGContentHandler:133 - It is strongly recommended to add "<!DOCTYPE suite SYSTEM "https://testng.org/testng-1.1.dtd" >" at the top of the suite file [C:\Users\HP\eclipse-workspace\OpenCartv121\master.xml] otherwise TestNG may fail or not work as expected.
2025-08-21 01:38:44 INFO  Utils:112 - [TestNG] Running:
  C:\Users\HP\eclipse-workspace\OpenCartv121\master.xml

2025-08-21 11:24:13 WARN  TestNGContentHandler:133 - It is strongly recommended to add "<!DOCTYPE suite SYSTEM "https://testng.org/testng-1.1.dtd" >" at the top of the suite file [C:\Users\HP\eclipse-workspace\OpenCartv121\master.xml] otherwise TestNG may fail or not work as expected.
2025-08-21 11:24:13 INFO  Utils:112 - [TestNG] Running:
  C:\Users\HP\eclipse-workspace\OpenCartv121\master.xml

2025-08-21 11:58:39 INFO  Utils:112 - [TestNG] Running:
  C:\Users\HP\eclipse-workspace\OpenCartv121\grid-docker.xml

2025-08-21 11:58:44 INFO  TC001_AccountRegistrationTest:15 - ***** Starting TC001_AccountRegistrationTest  ****
2025-08-21 11:58:44 INFO  TC001_AccountRegistrationTest:21 - Clicked on MyAccount Link.. 
2025-08-21 11:58:44 INFO  TC001_AccountRegistrationTest:24 - Clicked on Register Link.. 
2025-08-21 11:58:44 INFO  TC001_AccountRegistrationTest:28 - Providing customer details...
2025-08-21 11:58:46 INFO  TC001_AccountRegistrationTest:42 - Validating expected message..
2025-08-21 11:58:46 INFO  TC001_AccountRegistrationTest:47 - Test passed
2025-08-21 11:58:46 INFO  TC001_AccountRegistrationTest:56 - ***** Finished TC001_AccountRegistrationTest *****
2025-08-21 11:58:48 INFO  TC002_LoginTest:16 - ****** Startign TC_002_LoginTest *****
2025-08-21 11:58:50 INFO  TC002_LoginTest:41 - ****** Finished TC_002_LoginTest *****
2025-08-21 11:58:57 INFO  TC001_AccountRegistrationTest:15 - ***** Starting TC001_AccountRegistrationTest  ****
2025-08-21 11:58:57 INFO  TC001_AccountRegistrationTest:21 - Clicked on MyAccount Link.. 
2025-08-21 11:58:58 INFO  TC001_AccountRegistrationTest:24 - Clicked on Register Link.. 
2025-08-21 11:58:58 INFO  TC001_AccountRegistrationTest:28 - Providing customer details...
2025-08-21 11:58:59 INFO  TC001_AccountRegistrationTest:42 - Validating expected message..
2025-08-21 11:58:59 INFO  TC001_AccountRegistrationTest:47 - Test passed
2025-08-21 11:58:59 INFO  TC001_AccountRegistrationTest:56 - ***** Finished TC001_AccountRegistrationTest *****
2025-08-21 11:59:04 INFO  TC002_LoginTest:16 - ****** Startign TC_002_LoginTest *****
2025-08-21 11:59:05 INFO  TC002_LoginTest:41 - ****** Finished TC_002_LoginTest *****
2025-08-21 12:11:15 INFO  Utils:112 - [TestNG] Running:
  C:\Users\HP\eclipse-workspace\OpenCartv121\grid-docker.xml

2025-08-21 12:17:23 INFO  TC001_AccountRegistrationTest:15 - ***** Starting TC001_AccountRegistrationTest  ****
2025-08-21 12:17:23 INFO  TC001_AccountRegistrationTest:21 - Clicked on MyAccount Link.. 
2025-08-21 12:17:24 INFO  TC001_AccountRegistrationTest:24 - Clicked on Register Link.. 
2025-08-21 12:17:24 INFO  TC001_AccountRegistrationTest:28 - Providing customer details...
2025-08-21 12:17:24 ERROR TC001_AccountRegistrationTest:51 - Test failed: Error communicating with the remote browser. It may have died.
Build info: version: '4.35.0', revision: '1c58e5028b'
System info: os.name: 'Windows 11', os.arch: 'amd64', os.version: '10.0', java.version: '22.0.2'
Driver info: org.openqa.selenium.remote.RemoteWebDriver
Command: [4db8f1e9-1c59-492c-9879-247eab6d0998, findElement [using, value]]
Capabilities {acceptInsecureCerts: false, browserName: firefox, browserVersion: 141.0.3, container:hostname: 150f083f5a03, moz:accessibilityChecks: false, moz:buildID: 20250806102122, moz:geckodriverVersion: 0.36.0, moz:headless: false, moz:platformVersion: 5.15.153.1-microsoft-standa..., moz:processID: 877, moz:profile: /tmp/rust_mozprofileKnlZ1G, moz:shutdownTimeout: 60000, moz:webdriverClick: true, moz:windowless: false, pageLoadStrategy: normal, platformName: linux, proxy: Proxy(), se:bidiEnabled: false, se:cdpEnabled: false, se:containerName: 150f083f5a03, se:deleteSessionOnUi: true, se:downloadsEnabled: true, se:noVncPort: 7900, se:vnc: ws://172.18.0.4:4444/sessio..., se:vncEnabled: true, se:vncLocalAddress: ws://172.18.0.4:7900, setWindowRect: true, strictFileInteractability: false, timeouts: {implicit: 0, pageLoad: 300000, script: 30000}, unhandledPromptBehavior: dismiss and notify, userAgent: Mozilla/5.0 (X11; Linux x86...}
Session ID: 4db8f1e9-1c59-492c-9879-247eab6d0998
2025-08-21 12:17:24 INFO  TC001_AccountRegistrationTest:56 - ***** Finished TC001_AccountRegistrationTest *****
2025-08-21 12:18:36 INFO  Utils:112 - [TestNG] Running:
  C:\Users\HP\eclipse-workspace\OpenCartv121\grid-docker.xml

2025-08-21 12:18:39 INFO  TC001_AccountRegistrationTest:15 - ***** Starting TC001_AccountRegistrationTest  ****
2025-08-21 12:18:39 INFO  TC001_AccountRegistrationTest:21 - Clicked on MyAccount Link.. 
2025-08-21 12:18:39 INFO  TC001_AccountRegistrationTest:24 - Clicked on Register Link.. 
2025-08-21 12:18:40 INFO  TC001_AccountRegistrationTest:28 - Providing customer details...
2025-08-21 12:18:40 INFO  TC001_AccountRegistrationTest:42 - Validating expected message..
2025-08-21 12:18:51 INFO  TC001_AccountRegistrationTest:56 - ***** Finished TC001_AccountRegistrationTest *****
2025-08-21 12:18:53 INFO  TC002_LoginTest:16 - ****** Startign TC_002_LoginTest *****
2025-08-21 12:18:54 INFO  TC002_LoginTest:41 - ****** Finished TC_002_LoginTest *****
2025-08-21 12:19:00 INFO  TC001_AccountRegistrationTest:15 - ***** Starting TC001_AccountRegistrationTest  ****
2025-08-21 12:19:00 INFO  TC001_AccountRegistrationTest:21 - Clicked on MyAccount Link.. 
2025-08-21 12:19:01 INFO  TC001_AccountRegistrationTest:24 - Clicked on Register Link.. 
2025-08-21 12:19:01 INFO  TC001_AccountRegistrationTest:28 - Providing customer details...
2025-08-21 12:19:03 INFO  TC001_AccountRegistrationTest:42 - Validating expected message..
2025-08-21 12:19:03 INFO  TC001_AccountRegistrationTest:47 - Test passed
2025-08-21 12:19:03 INFO  TC001_AccountRegistrationTest:56 - ***** Finished TC001_AccountRegistrationTest *****
2025-08-21 12:19:08 INFO  TC002_LoginTest:16 - ****** Startign TC_002_LoginTest *****
2025-08-21 12:19:09 INFO  TC002_LoginTest:41 - ****** Finished TC_002_LoginTest *****
2025-08-21 13:15:39 WARN  TestNGContentHandler:133 - It is strongly recommended to add "<!DOCTYPE suite SYSTEM "https://testng.org/testng-1.1.dtd" >" at the top of the suite file [C:\Users\HP\eclipse-workspace\OpenCartv121\master.xml] otherwise TestNG may fail or not work as expected.
2025-08-21 13:20:30 WARN  TestNGContentHandler:133 - It is strongly recommended to add "<!DOCTYPE suite SYSTEM "https://testng.org/testng-1.1.dtd" >" at the top of the suite file [C:\Users\HP\eclipse-workspace\OpenCartv121\master.xml] otherwise TestNG may fail or not work as expected.
2025-08-21 13:22:53 WARN  TestNGContentHandler:133 - It is strongly recommended to add "<!DOCTYPE suite SYSTEM "https://testng.org/testng-1.1.dtd" >" at the top of the suite file [C:\Users\HP\eclipse-workspace\OpenCartv121\master.xml] otherwise TestNG may fail or not work as expected.
2025-08-21 13:24:48 WARN  TestNGContentHandler:133 - It is strongly recommended to add "<!DOCTYPE suite SYSTEM "https://testng.org/testng-1.1.dtd" >" at the top of the suite file [C:\Users\HP\eclipse-workspace\OpenCartv121\master.xml] otherwise TestNG may fail or not work as expected.
2025-08-21 13:38:46 WARN  TestNGContentHandler:133 - It is strongly recommended to add "<!DOCTYPE suite SYSTEM "https://testng.org/testng-1.1.dtd" >" at the top of the suite file [C:\Users\HP\eclipse-workspace\OpenCartv121\master.xml] otherwise TestNG may fail or not work as expected.
2025-08-21 13:48:35 WARN  TestNGContentHandler:133 - It is strongly recommended to add "<!DOCTYPE suite SYSTEM "https://testng.org/testng-1.1.dtd" >" at the top of the suite file [C:\Users\HP\eclipse-workspace\OpenCartv121\master.xml] otherwise TestNG may fail or not work as expected.
2025-08-21 13:48:35 INFO  Utils:112 - [TestNG] Running:
  C:\Users\HP\eclipse-workspace\OpenCartv121\master.xml

2025-08-21 13:48:39 INFO  TC001_AccountRegistrationTest:15 - ***** Starting TC001_AccountRegistrationTest  ****
2025-08-21 13:48:40 INFO  TC001_AccountRegistrationTest:21 - Clicked on MyAccount Link.. 
2025-08-21 13:48:40 INFO  TC001_AccountRegistrationTest:24 - Clicked on Register Link.. 
2025-08-21 13:48:40 INFO  TC001_AccountRegistrationTest:28 - Providing customer details...
2025-08-21 13:48:43 INFO  TC001_AccountRegistrationTest:42 - Validating expected message..
2025-08-21 13:48:43 INFO  TC001_AccountRegistrationTest:47 - Test passed
2025-08-21 13:48:43 INFO  TC001_AccountRegistrationTest:56 - ***** Finished TC001_AccountRegistrationTest *****
2025-08-21 13:48:46 INFO  TC002_LoginTest:16 - ****** Startign TC_002_LoginTest *****
2025-08-21 13:48:49 INFO  TC002_LoginTest:41 - ****** Finished TC_002_LoginTest *****
2025-08-21 13:50:47 WARN  TestNGContentHandler:133 - It is strongly recommended to add "<!DOCTYPE suite SYSTEM "https://testng.org/testng-1.1.dtd" >" at the top of the suite file [C:\Users\HP\eclipse-workspace\OpenCartv121\master.xml] otherwise TestNG may fail or not work as expected.
2025-08-21 13:50:51 INFO  TC001_AccountRegistrationTest:15 - ***** Starting TC001_AccountRegistrationTest  ****
2025-08-21 13:50:51 INFO  TC001_AccountRegistrationTest:21 - Clicked on MyAccount Link.. 
2025-08-21 13:50:52 INFO  TC001_AccountRegistrationTest:24 - Clicked on Register Link.. 
2025-08-21 13:50:52 INFO  TC001_AccountRegistrationTest:28 - Providing customer details...
2025-08-21 13:50:54 INFO  TC001_AccountRegistrationTest:42 - Validating expected message..
2025-08-21 13:50:54 INFO  TC001_AccountRegistrationTest:47 - Test passed
2025-08-21 13:50:54 INFO  TC001_AccountRegistrationTest:56 - ***** Finished TC001_AccountRegistrationTest *****
2025-08-21 13:50:57 INFO  TC002_LoginTest:16 - ****** Startign TC_002_LoginTest *****
2025-08-21 13:51:00 INFO  TC002_LoginTest:41 - ****** Finished TC_002_LoginTest *****
2025-08-21 13:54:06 WARN  TestNGContentHandler:133 - It is strongly recommended to add "<!DOCTYPE suite SYSTEM "https://testng.org/testng-1.1.dtd" >" at the top of the suite file [C:\Users\HP\eclipse-workspace\OpenCartv121\master.xml] otherwise TestNG may fail or not work as expected.
2025-08-21 13:54:11 INFO  TC001_AccountRegistrationTest:15 - ***** Starting TC001_AccountRegistrationTest  ****
2025-08-21 13:54:11 INFO  TC001_AccountRegistrationTest:21 - Clicked on MyAccount Link.. 
2025-08-21 13:54:12 INFO  TC001_AccountRegistrationTest:24 - Clicked on Register Link.. 
2025-08-21 13:54:12 INFO  TC001_AccountRegistrationTest:28 - Providing customer details...
2025-08-21 13:54:14 INFO  TC001_AccountRegistrationTest:42 - Validating expected message..
2025-08-21 13:54:14 INFO  TC001_AccountRegistrationTest:47 - Test passed
2025-08-21 13:54:14 INFO  TC001_AccountRegistrationTest:56 - ***** Finished TC001_AccountRegistrationTest *****
2025-08-21 13:54:18 INFO  TC002_LoginTest:16 - ****** Startign TC_002_LoginTest *****
2025-08-21 13:54:20 INFO  TC002_LoginTest:41 - ****** Finished TC_002_LoginTest *****
2025-08-21 13:54:27 INFO  TC003_LoginDDT:26 - ***** stating TC_003_LoginDDT ******
2025-08-21 13:54:39 INFO  TC003_LoginDDT:26 - ***** stating TC_003_LoginDDT ******
2025-08-21 13:54:45 INFO  TC003_LoginDDT:79 - ***** Finished TC_003_LoginDDT ******
2025-08-21 13:54:45 INFO  TC003_LoginDDT:26 - ***** stating TC_003_LoginDDT ******
2025-08-21 13:54:52 INFO  TC003_LoginDDT:79 - ***** Finished TC_003_LoginDDT ******
2025-08-21 13:54:52 INFO  TC003_LoginDDT:26 - ***** stating TC_003_LoginDDT ******
2025-08-21 13:55:06 INFO  TC003_LoginDDT:79 - ***** Finished TC_003_LoginDDT ******
2025-08-21 13:55:06 INFO  TC003_LoginDDT:26 - ***** stating TC_003_LoginDDT ******
2025-08-21 13:55:12 INFO  TC003_LoginDDT:79 - ***** Finished TC_003_LoginDDT ******
2025-08-21 13:55:12 INFO  TC003_LoginDDT:26 - ***** stating TC_003_LoginDDT ******
2025-08-21 13:55:27 INFO  TC003_LoginDDT:79 - ***** Finished TC_003_LoginDDT ******
2025-08-21 13:57:05 WARN  TestNGContentHandler:133 - It is strongly recommended to add "<!DOCTYPE suite SYSTEM "https://testng.org/testng-1.1.dtd" >" at the top of the suite file [C:\Users\HP\eclipse-workspace\OpenCartv121\master.xml] otherwise TestNG may fail or not work as expected.
2025-08-21 13:57:08 INFO  TC001_AccountRegistrationTest:15 - ***** Starting TC001_AccountRegistrationTest  ****
2025-08-21 13:57:09 INFO  TC001_AccountRegistrationTest:21 - Clicked on MyAccount Link.. 
2025-08-21 13:57:10 INFO  TC001_AccountRegistrationTest:24 - Clicked on Register Link.. 
2025-08-21 13:57:10 INFO  TC001_AccountRegistrationTest:28 - Providing customer details...
2025-08-21 13:57:12 INFO  TC001_AccountRegistrationTest:42 - Validating expected message..
2025-08-21 13:57:12 INFO  TC001_AccountRegistrationTest:47 - Test passed
2025-08-21 13:57:12 INFO  TC001_AccountRegistrationTest:56 - ***** Finished TC001_AccountRegistrationTest *****
2025-08-21 13:57:14 INFO  TC002_LoginTest:16 - ****** Startign TC_002_LoginTest *****
2025-08-21 13:57:17 INFO  TC002_LoginTest:41 - ****** Finished TC_002_LoginTest *****
2025-08-21 13:57:21 INFO  TC003_LoginDDT:26 - ***** stating TC_003_LoginDDT ******
2025-08-21 13:57:33 INFO  TC003_LoginDDT:26 - ***** stating TC_003_LoginDDT ******
2025-08-21 13:57:39 INFO  TC003_LoginDDT:79 - ***** Finished TC_003_LoginDDT ******
2025-08-21 13:57:39 INFO  TC003_LoginDDT:26 - ***** stating TC_003_LoginDDT ******
2025-08-21 13:57:44 INFO  TC003_LoginDDT:79 - ***** Finished TC_003_LoginDDT ******
2025-08-21 13:57:44 INFO  TC003_LoginDDT:26 - ***** stating TC_003_LoginDDT ******
2025-08-21 13:57:59 INFO  TC003_LoginDDT:79 - ***** Finished TC_003_LoginDDT ******
2025-08-21 13:57:59 INFO  TC003_LoginDDT:26 - ***** stating TC_003_LoginDDT ******
2025-08-21 13:58:05 INFO  TC003_LoginDDT:79 - ***** Finished TC_003_LoginDDT ******
2025-08-21 13:58:05 INFO  TC003_LoginDDT:26 - ***** stating TC_003_LoginDDT ******
2025-08-21 13:58:19 INFO  TC003_LoginDDT:79 - ***** Finished TC_003_LoginDDT ******
2025-08-21 14:06:16 WARN  TestNGContentHandler:133 - It is strongly recommended to add "<!DOCTYPE suite SYSTEM "https://testng.org/testng-1.1.dtd" >" at the top of the suite file [C:\Users\HP\eclipse-workspace\OpenCartv121\master.xml] otherwise TestNG may fail or not work as expected.
2025-08-21 14:06:22 INFO  TC001_AccountRegistrationTest:15 - ***** Starting TC001_AccountRegistrationTest  ****
2025-08-21 14:06:22 INFO  TC001_AccountRegistrationTest:21 - Clicked on MyAccount Link.. 
2025-08-21 14:06:23 INFO  TC001_AccountRegistrationTest:24 - Clicked on Register Link.. 
2025-08-21 14:06:23 INFO  TC001_AccountRegistrationTest:28 - Providing customer details...
2025-08-21 14:06:26 INFO  TC001_AccountRegistrationTest:42 - Validating expected message..
2025-08-21 14:06:26 INFO  TC001_AccountRegistrationTest:47 - Test passed
2025-08-21 14:06:26 INFO  TC001_AccountRegistrationTest:56 - ***** Finished TC001_AccountRegistrationTest *****
2025-08-21 14:06:30 INFO  TC002_LoginTest:16 - ****** Startign TC_002_LoginTest *****
2025-08-21 14:06:32 INFO  TC002_LoginTest:41 - ****** Finished TC_002_LoginTest *****
2025-08-21 14:06:39 INFO  TC003_LoginDDT:26 - ***** stating TC_003_LoginDDT ******
2025-08-21 14:06:51 INFO  TC003_LoginDDT:26 - ***** stating TC_003_LoginDDT ******
2025-08-21 14:06:57 INFO  TC003_LoginDDT:79 - ***** Finished TC_003_LoginDDT ******
2025-08-21 14:06:57 INFO  TC003_LoginDDT:26 - ***** stating TC_003_LoginDDT ******
2025-08-21 14:07:02 INFO  TC003_LoginDDT:79 - ***** Finished TC_003_LoginDDT ******
2025-08-21 14:07:02 INFO  TC003_LoginDDT:26 - ***** stating TC_003_LoginDDT ******
2025-08-21 14:07:18 INFO  TC003_LoginDDT:79 - ***** Finished TC_003_LoginDDT ******
2025-08-21 14:07:18 INFO  TC003_LoginDDT:26 - ***** stating TC_003_LoginDDT ******
2025-08-21 14:07:23 INFO  TC003_LoginDDT:79 - ***** Finished TC_003_LoginDDT ******
2025-08-21 14:07:23 INFO  TC003_LoginDDT:26 - ***** stating TC_003_LoginDDT ******
2025-08-21 14:07:38 INFO  TC003_LoginDDT:79 - ***** Finished TC_003_LoginDDT ******
2025-08-21 14:13:25 WARN  TestNGContentHandler:133 - It is strongly recommended to add "<!DOCTYPE suite SYSTEM "https://testng.org/testng-1.1.dtd" >" at the top of the suite file [C:\Users\HP\eclipse-workspace\OpenCartv121\master.xml] otherwise TestNG may fail or not work as expected.
2025-08-21 14:13:30 INFO  TC001_AccountRegistrationTest:15 - ***** Starting TC001_AccountRegistrationTest  ****
2025-08-21 14:13:31 INFO  TC001_AccountRegistrationTest:21 - Clicked on MyAccount Link.. 
2025-08-21 14:13:32 INFO  TC001_AccountRegistrationTest:24 - Clicked on Register Link.. 
2025-08-21 14:13:32 INFO  TC001_AccountRegistrationTest:28 - Providing customer details...
2025-08-21 14:13:34 INFO  TC001_AccountRegistrationTest:42 - Validating expected message..
2025-08-21 14:13:35 INFO  TC001_AccountRegistrationTest:47 - Test passed
2025-08-21 14:13:35 INFO  TC001_AccountRegistrationTest:56 - ***** Finished TC001_AccountRegistrationTest *****
2025-08-21 14:13:38 INFO  TC002_LoginTest:16 - ****** Startign TC_002_LoginTest *****
2025-08-21 14:13:41 INFO  TC002_LoginTest:41 - ****** Finished TC_002_LoginTest *****
2025-08-21 14:13:46 INFO  TC003_LoginDDT:26 - ***** stating TC_003_LoginDDT ******
2025-08-21 14:13:59 INFO  TC003_LoginDDT:26 - ***** stating TC_003_LoginDDT ******
2025-08-21 14:14:05 INFO  TC003_LoginDDT:79 - ***** Finished TC_003_LoginDDT ******
2025-08-21 14:14:05 INFO  TC003_LoginDDT:26 - ***** stating TC_003_LoginDDT ******
2025-08-21 14:14:11 INFO  TC003_LoginDDT:79 - ***** Finished TC_003_LoginDDT ******
2025-08-21 14:14:11 INFO  TC003_LoginDDT:26 - ***** stating TC_003_LoginDDT ******
2025-08-21 14:14:27 INFO  TC003_LoginDDT:79 - ***** Finished TC_003_LoginDDT ******
2025-08-21 14:14:27 INFO  TC003_LoginDDT:26 - ***** stating TC_003_LoginDDT ******
2025-08-21 14:14:33 INFO  TC003_LoginDDT:79 - ***** Finished TC_003_LoginDDT ******
2025-08-21 14:14:33 INFO  TC003_LoginDDT:26 - ***** stating TC_003_LoginDDT ******
2025-08-21 14:14:48 INFO  TC003_LoginDDT:79 - ***** Finished TC_003_LoginDDT ******
